
*** Running vivado
    with args -log hdmi_tx_0.vds -m64 -product Vivado -mode batch -messageDb vivado.pb -notrace -source hdmi_tx_0.tcl


****** Vivado v2022.2 (64-bit)
  **** SW Build 3671981 on Fri Oct 14 04:59:54 MDT 2022
  **** IP Build 3669848 on Fri Oct 14 08:30:02 MDT 2022
    ** Copyright 1986-2022 Xilinx, Inc. All Rights Reserved.

source hdmi_tx_0.tcl -notrace
create_project: Time (s): cpu = 00:00:05 ; elapsed = 00:00:05 . Memory (MB): peak = 1262.809 ; gain = 0.023 ; free physical = 2146 ; free virtual = 6082
INFO: [IP_Flow 19-234] Refreshing IP repositories
INFO: [IP_Flow 19-1700] Loaded user IP repository '/home/rishab/Documents/ECE_385_Final_Project/DoodleJump/hdmi_tx_1.0'.
INFO: [IP_Flow 19-2313] Loaded Vivado IP repository '/tools/Xilinx/Vivado/2022.2/data/ip'.
INFO: [IP_Flow 19-6924] IPCACHE: Running cache check for IP inst: hdmi_tx_0
INFO: [IP_Flow 19-6922] IPCACHE: Exporting cached entry 6368d7ce3798e92a to dir: /home/rishab/Documents/ECE_385_Final_Project/DoodleJump/DoodleJump.runs/hdmi_tx_0_synth_1
INFO: [IP_Flow 19-6928] IPCACHE: copied cached file /home/rishab/Documents/ECE_385_Final_Project/DoodleJump/DoodleJump.cache/ip/2022.2/6/3/6368d7ce3798e92a/hdmi_tx_0.dcp to /home/rishab/Documents/ECE_385_Final_Project/DoodleJump/DoodleJump.runs/hdmi_tx_0_synth_1/hdmi_tx_0.dcp.
INFO: [IP_Flow 19-6928] IPCACHE: copied cached file /home/rishab/Documents/ECE_385_Final_Project/DoodleJump/DoodleJump.cache/ip/2022.2/6/3/6368d7ce3798e92a/hdmi_tx_0_stub.v to /home/rishab/Documents/ECE_385_Final_Project/DoodleJump/DoodleJump.runs/hdmi_tx_0_synth_1/hdmi_tx_0_stub.v.
INFO: [IP_Flow 19-6928] IPCACHE: copied cached file /home/rishab/Documents/ECE_385_Final_Project/DoodleJump/DoodleJump.cache/ip/2022.2/6/3/6368d7ce3798e92a/hdmi_tx_0_sim_netlist.vhdl to /home/rishab/Documents/ECE_385_Final_Project/DoodleJump/DoodleJump.runs/hdmi_tx_0_synth_1/hdmi_tx_0_sim_netlist.vhdl.
INFO: [IP_Flow 19-6928] IPCACHE: copied cached file /home/rishab/Documents/ECE_385_Final_Project/DoodleJump/DoodleJump.cache/ip/2022.2/6/3/6368d7ce3798e92a/hdmi_tx_0_stub.vhdl to /home/rishab/Documents/ECE_385_Final_Project/DoodleJump/DoodleJump.runs/hdmi_tx_0_synth_1/hdmi_tx_0_stub.vhdl.
INFO: [IP_Flow 19-6928] IPCACHE: copied cached file /home/rishab/Documents/ECE_385_Final_Project/DoodleJump/DoodleJump.cache/ip/2022.2/6/3/6368d7ce3798e92a/hdmi_tx_0_sim_netlist.v to /home/rishab/Documents/ECE_385_Final_Project/DoodleJump/DoodleJump.runs/hdmi_tx_0_synth_1/hdmi_tx_0_sim_netlist.v.
INFO: [IP_Flow 19-4838] Using cached IP synthesis design for IP hdmi_tx_0, cache-ID = 6368d7ce3798e92a.
INFO: [Common 17-206] Exiting Vivado at Fri Apr 12 16:48:50 2024...
