
*** Running vivado
    with args -log doodlejump_rom.vds -m64 -product Vivado -mode batch -messageDb vivado.pb -notrace -source doodlejump_rom.tcl


****** Vivado v2022.2 (64-bit)
  **** SW Build 3671981 on Fri Oct 14 04:59:54 MDT 2022
  **** IP Build 3669848 on Fri Oct 14 08:30:02 MDT 2022
    ** Copyright 1986-2022 Xilinx, Inc. All Rights Reserved.

source doodlejump_rom.tcl -notrace
create_project: Time (s): cpu = 00:00:05 ; elapsed = 00:00:05 . Memory (MB): peak = 1260.773 ; gain = 0.023 ; free physical = 2018 ; free virtual = 4866
INFO: [IP_Flow 19-234] Refreshing IP repositories
INFO: [IP_Flow 19-1700] Loaded user IP repository '/home/rishab/Documents/ECE_385_Final_Project/DoodleJump/hdmi_tx_1.0'.
INFO: [IP_Flow 19-2313] Loaded Vivado IP repository '/tools/Xilinx/Vivado/2022.2/data/ip'.
INFO: [IP_Flow 19-6924] IPCACHE: Running cache check for IP inst: doodlejump_rom
Command: synth_design -top doodlejump_rom -part xc7s50csga324-1 -incremental_mode off -mode out_of_context
Starting synth_design
Attempting to get a license for feature 'Synthesis' and/or device 'xc7s50'
INFO: [Common 17-349] Got license for feature 'Synthesis' and/or device 'xc7s50'
INFO: [Device 21-403] Loading part xc7s50csga324-1
INFO: [Synth 8-7079] Multithreading enabled for synth_design using a maximum of 4 processes.
INFO: [Synth 8-7078] Launching helper process for spawning children vivado processes
INFO: [Synth 8-7075] Helper process launched with PID 182860
INFO: [Synth 8-11241] undeclared symbol 'REGCCE', assumed default net type 'wire' [/tools/Xilinx/Vivado/2022.2/data/verilog/src/unimacro/BRAM_SINGLE_MACRO.v:2170]
---------------------------------------------------------------------------------
Starting RTL Elaboration : Time (s): cpu = 00:00:05 ; elapsed = 00:00:06 . Memory (MB): peak = 1926.637 ; gain = 369.801 ; free physical = 1272 ; free virtual = 4130
Synthesis current peak Physical Memory [PSS] (MB): peak = 1492.657; parent = 1246.474; children = 246.184
Synthesis current peak Virtual Memory [VSS] (MB): peak = 2930.422; parent = 1930.609; children = 999.812
---------------------------------------------------------------------------------
WARNING: [Synth 8-7129] Port CLKB in module blk_mem_output_block is either unconnected or has no load
WARNING: [Synth 8-7129] Port DOUTB_I[17] in module blk_mem_output_block is either unconnected or has no load
WARNING: [Synth 8-7129] Port DOUTB_I[16] in module blk_mem_output_block is either unconnected or has no load
WARNING: [Synth 8-7129] Port DOUTB_I[15] in module blk_mem_output_block is either unconnected or has no load
WARNING: [Synth 8-7129] Port DOUTB_I[14] in module blk_mem_output_block is either unconnected or has no load
WARNING: [Synth 8-7129] Port DOUTB_I[13] in module blk_mem_output_block is either unconnected or has no load
WARNING: [Synth 8-7129] Port DOUTB_I[12] in module blk_mem_output_block is either unconnected or has no load
WARNING: [Synth 8-7129] Port DOUTB_I[11] in module blk_mem_output_block is either unconnected or has no load
WARNING: [Synth 8-7129] Port DOUTB_I[10] in module blk_mem_output_block is either unconnected or has no load
WARNING: [Synth 8-7129] Port DOUTB_I[9] in module blk_mem_output_block is either unconnected or has no load
WARNING: [Synth 8-7129] Port DOUTB_I[8] in module blk_mem_output_block is either unconnected or has no load
WARNING: [Synth 8-7129] Port DOUTB_I[7] in module blk_mem_output_block is either unconnected or has no load
WARNING: [Synth 8-7129] Port DOUTB_I[6] in module blk_mem_output_block is either unconnected or has no load
WARNING: [Synth 8-7129] Port DOUTB_I[5] in module blk_mem_output_block is either unconnected or has no load
WARNING: [Synth 8-7129] Port DOUTB_I[4] in module blk_mem_output_block is either unconnected or has no load
WARNING: [Synth 8-7129] Port DOUTB_I[3] in module blk_mem_output_block is either unconnected or has no load
WARNING: [Synth 8-7129] Port DOUTB_I[2] in module blk_mem_output_block is either unconnected or has no load
WARNING: [Synth 8-7129] Port DOUTB_I[1] in module blk_mem_output_block is either unconnected or has no load
WARNING: [Synth 8-7129] Port DOUTB_I[0] in module blk_mem_output_block is either unconnected or has no load
WARNING: [Synth 8-7129] Port SBITERR_I in module blk_mem_output_block is either unconnected or has no load
WARNING: [Synth 8-7129] Port DBITERR_I in module blk_mem_output_block is either unconnected or has no load
WARNING: [Synth 8-7129] Port RDADDRECC_I[17] in module blk_mem_output_block is either unconnected or has no load
WARNING: [Synth 8-7129] Port RDADDRECC_I[16] in module blk_mem_output_block is either unconnected or has no load
WARNING: [Synth 8-7129] Port RDADDRECC_I[15] in module blk_mem_output_block is either unconnected or has no load
WARNING: [Synth 8-7129] Port RDADDRECC_I[14] in module blk_mem_output_block is either unconnected or has no load
WARNING: [Synth 8-7129] Port RDADDRECC_I[13] in module blk_mem_output_block is either unconnected or has no load
WARNING: [Synth 8-7129] Port RDADDRECC_I[12] in module blk_mem_output_block is either unconnected or has no load
WARNING: [Synth 8-7129] Port RDADDRECC_I[11] in module blk_mem_output_block is either unconnected or has no load
WARNING: [Synth 8-7129] Port RDADDRECC_I[10] in module blk_mem_output_block is either unconnected or has no load
WARNING: [Synth 8-7129] Port RDADDRECC_I[9] in module blk_mem_output_block is either unconnected or has no load
WARNING: [Synth 8-7129] Port RDADDRECC_I[8] in module blk_mem_output_block is either unconnected or has no load
WARNING: [Synth 8-7129] Port RDADDRECC_I[7] in module blk_mem_output_block is either unconnected or has no load
WARNING: [Synth 8-7129] Port RDADDRECC_I[6] in module blk_mem_output_block is either unconnected or has no load
WARNING: [Synth 8-7129] Port RDADDRECC_I[5] in module blk_mem_output_block is either unconnected or has no load
WARNING: [Synth 8-7129] Port RDADDRECC_I[4] in module blk_mem_output_block is either unconnected or has no load
WARNING: [Synth 8-7129] Port RDADDRECC_I[3] in module blk_mem_output_block is either unconnected or has no load
WARNING: [Synth 8-7129] Port RDADDRECC_I[2] in module blk_mem_output_block is either unconnected or has no load
WARNING: [Synth 8-7129] Port RDADDRECC_I[1] in module blk_mem_output_block is either unconnected or has no load
WARNING: [Synth 8-7129] Port RDADDRECC_I[0] in module blk_mem_output_block is either unconnected or has no load
WARNING: [Synth 8-7129] Port DOUTB[8] in module blk_mem_gen_prim_wrapper_init__parameterized73 is either unconnected or has no load
WARNING: [Synth 8-7129] Port DOUTB[7] in module blk_mem_gen_prim_wrapper_init__parameterized73 is either unconnected or has no load
WARNING: [Synth 8-7129] Port DOUTB[6] in module blk_mem_gen_prim_wrapper_init__parameterized73 is either unconnected or has no load
WARNING: [Synth 8-7129] Port DOUTB[5] in module blk_mem_gen_prim_wrapper_init__parameterized73 is either unconnected or has no load
WARNING: [Synth 8-7129] Port DOUTB[4] in module blk_mem_gen_prim_wrapper_init__parameterized73 is either unconnected or has no load
WARNING: [Synth 8-7129] Port DOUTB[3] in module blk_mem_gen_prim_wrapper_init__parameterized73 is either unconnected or has no load
WARNING: [Synth 8-7129] Port DOUTB[2] in module blk_mem_gen_prim_wrapper_init__parameterized73 is either unconnected or has no load
WARNING: [Synth 8-7129] Port DOUTB[1] in module blk_mem_gen_prim_wrapper_init__parameterized73 is either unconnected or has no load
WARNING: [Synth 8-7129] Port DOUTB[0] in module blk_mem_gen_prim_wrapper_init__parameterized73 is either unconnected or has no load
WARNING: [Synth 8-7129] Port SBITERR in module blk_mem_gen_prim_wrapper_init__parameterized73 is either unconnected or has no load
WARNING: [Synth 8-7129] Port DBITERR in module blk_mem_gen_prim_wrapper_init__parameterized73 is either unconnected or has no load
WARNING: [Synth 8-7129] Port SSRA in module blk_mem_gen_prim_wrapper_init__parameterized73 is either unconnected or has no load
WARNING: [Synth 8-7129] Port CLKB in module blk_mem_gen_prim_wrapper_init__parameterized73 is either unconnected or has no load
WARNING: [Synth 8-7129] Port SSRB in module blk_mem_gen_prim_wrapper_init__parameterized73 is either unconnected or has no load
WARNING: [Synth 8-7129] Port ENB in module blk_mem_gen_prim_wrapper_init__parameterized73 is either unconnected or has no load
WARNING: [Synth 8-7129] Port REGCEB in module blk_mem_gen_prim_wrapper_init__parameterized73 is either unconnected or has no load
WARNING: [Synth 8-7129] Port WEB[0] in module blk_mem_gen_prim_wrapper_init__parameterized73 is either unconnected or has no load
WARNING: [Synth 8-7129] Port ADDRB[11] in module blk_mem_gen_prim_wrapper_init__parameterized73 is either unconnected or has no load
WARNING: [Synth 8-7129] Port ADDRB[10] in module blk_mem_gen_prim_wrapper_init__parameterized73 is either unconnected or has no load
WARNING: [Synth 8-7129] Port ADDRB[9] in module blk_mem_gen_prim_wrapper_init__parameterized73 is either unconnected or has no load
WARNING: [Synth 8-7129] Port ADDRB[8] in module blk_mem_gen_prim_wrapper_init__parameterized73 is either unconnected or has no load
WARNING: [Synth 8-7129] Port ADDRB[7] in module blk_mem_gen_prim_wrapper_init__parameterized73 is either unconnected or has no load
WARNING: [Synth 8-7129] Port ADDRB[6] in module blk_mem_gen_prim_wrapper_init__parameterized73 is either unconnected or has no load
WARNING: [Synth 8-7129] Port ADDRB[5] in module blk_mem_gen_prim_wrapper_init__parameterized73 is either unconnected or has no load
WARNING: [Synth 8-7129] Port ADDRB[4] in module blk_mem_gen_prim_wrapper_init__parameterized73 is either unconnected or has no load
WARNING: [Synth 8-7129] Port ADDRB[3] in module blk_mem_gen_prim_wrapper_init__parameterized73 is either unconnected or has no load
WARNING: [Synth 8-7129] Port ADDRB[2] in module blk_mem_gen_prim_wrapper_init__parameterized73 is either unconnected or has no load
WARNING: [Synth 8-7129] Port ADDRB[1] in module blk_mem_gen_prim_wrapper_init__parameterized73 is either unconnected or has no load
WARNING: [Synth 8-7129] Port ADDRB[0] in module blk_mem_gen_prim_wrapper_init__parameterized73 is either unconnected or has no load
WARNING: [Synth 8-7129] Port DINB[8] in module blk_mem_gen_prim_wrapper_init__parameterized73 is either unconnected or has no load
WARNING: [Synth 8-7129] Port DINB[7] in module blk_mem_gen_prim_wrapper_init__parameterized73 is either unconnected or has no load
WARNING: [Synth 8-7129] Port DINB[6] in module blk_mem_gen_prim_wrapper_init__parameterized73 is either unconnected or has no load
WARNING: [Synth 8-7129] Port DINB[5] in module blk_mem_gen_prim_wrapper_init__parameterized73 is either unconnected or has no load
WARNING: [Synth 8-7129] Port DINB[4] in module blk_mem_gen_prim_wrapper_init__parameterized73 is either unconnected or has no load
WARNING: [Synth 8-7129] Port DINB[3] in module blk_mem_gen_prim_wrapper_init__parameterized73 is either unconnected or has no load
WARNING: [Synth 8-7129] Port DINB[2] in module blk_mem_gen_prim_wrapper_init__parameterized73 is either unconnected or has no load
WARNING: [Synth 8-7129] Port DINB[1] in module blk_mem_gen_prim_wrapper_init__parameterized73 is either unconnected or has no load
WARNING: [Synth 8-7129] Port DINB[0] in module blk_mem_gen_prim_wrapper_init__parameterized73 is either unconnected or has no load
WARNING: [Synth 8-7129] Port SLEEP in module blk_mem_gen_prim_wrapper_init__parameterized73 is either unconnected or has no load
WARNING: [Synth 8-7129] Port INJECTSBITERR in module blk_mem_gen_prim_wrapper_init__parameterized73 is either unconnected or has no load
WARNING: [Synth 8-7129] Port INJECTDBITERR in module blk_mem_gen_prim_wrapper_init__parameterized73 is either unconnected or has no load
WARNING: [Synth 8-7129] Port ECCPIPECE in module blk_mem_gen_prim_wrapper_init__parameterized73 is either unconnected or has no load
WARNING: [Synth 8-7129] Port ram_rstram_b in module blk_mem_gen_prim_wrapper_init__parameterized73 is either unconnected or has no load
WARNING: [Synth 8-7129] Port ram_rstreg_b in module blk_mem_gen_prim_wrapper_init__parameterized73 is either unconnected or has no load
WARNING: [Synth 8-7129] Port DOUTB[8] in module blk_mem_gen_prim_wrapper_init__parameterized72 is either unconnected or has no load
WARNING: [Synth 8-7129] Port DOUTB[7] in module blk_mem_gen_prim_wrapper_init__parameterized72 is either unconnected or has no load
WARNING: [Synth 8-7129] Port DOUTB[6] in module blk_mem_gen_prim_wrapper_init__parameterized72 is either unconnected or has no load
WARNING: [Synth 8-7129] Port DOUTB[5] in module blk_mem_gen_prim_wrapper_init__parameterized72 is either unconnected or has no load
WARNING: [Synth 8-7129] Port DOUTB[4] in module blk_mem_gen_prim_wrapper_init__parameterized72 is either unconnected or has no load
WARNING: [Synth 8-7129] Port DOUTB[3] in module blk_mem_gen_prim_wrapper_init__parameterized72 is either unconnected or has no load
WARNING: [Synth 8-7129] Port DOUTB[2] in module blk_mem_gen_prim_wrapper_init__parameterized72 is either unconnected or has no load
WARNING: [Synth 8-7129] Port DOUTB[1] in module blk_mem_gen_prim_wrapper_init__parameterized72 is either unconnected or has no load
WARNING: [Synth 8-7129] Port DOUTB[0] in module blk_mem_gen_prim_wrapper_init__parameterized72 is either unconnected or has no load
WARNING: [Synth 8-7129] Port SBITERR in module blk_mem_gen_prim_wrapper_init__parameterized72 is either unconnected or has no load
WARNING: [Synth 8-7129] Port DBITERR in module blk_mem_gen_prim_wrapper_init__parameterized72 is either unconnected or has no load
WARNING: [Synth 8-7129] Port SSRA in module blk_mem_gen_prim_wrapper_init__parameterized72 is either unconnected or has no load
WARNING: [Synth 8-7129] Port CLKB in module blk_mem_gen_prim_wrapper_init__parameterized72 is either unconnected or has no load
WARNING: [Synth 8-7129] Port SSRB in module blk_mem_gen_prim_wrapper_init__parameterized72 is either unconnected or has no load
WARNING: [Synth 8-7129] Port ENB in module blk_mem_gen_prim_wrapper_init__parameterized72 is either unconnected or has no load
WARNING: [Synth 8-7129] Port REGCEB in module blk_mem_gen_prim_wrapper_init__parameterized72 is either unconnected or has no load
WARNING: [Synth 8-7129] Port WEB[0] in module blk_mem_gen_prim_wrapper_init__parameterized72 is either unconnected or has no load
INFO: [Common 17-14] Message 'Synth 8-7129' appears 100 times and further instances of the messages will be disabled. Use the Tcl command set_msg_config to change the current settings.
---------------------------------------------------------------------------------
Finished RTL Elaboration : Time (s): cpu = 00:00:40 ; elapsed = 00:01:39 . Memory (MB): peak = 2461.660 ; gain = 904.824 ; free physical = 394 ; free virtual = 832
Synthesis current peak Physical Memory [PSS] (MB): peak = 5172.601; parent = 1659.727; children = 3877.192
Synthesis current peak Virtual Memory [VSS] (MB): peak = 11217.742; parent = 2461.664; children = 8756.078
---------------------------------------------------------------------------------
---------------------------------------------------------------------------------
Start Handling Custom Attributes
---------------------------------------------------------------------------------
---------------------------------------------------------------------------------
Finished Handling Custom Attributes : Time (s): cpu = 00:00:40 ; elapsed = 00:01:39 . Memory (MB): peak = 2461.660 ; gain = 904.824 ; free physical = 393 ; free virtual = 834
Synthesis current peak Physical Memory [PSS] (MB): peak = 5172.601; parent = 1659.727; children = 3877.192
Synthesis current peak Virtual Memory [VSS] (MB): peak = 11217.742; parent = 2461.664; children = 8756.078
---------------------------------------------------------------------------------
---------------------------------------------------------------------------------
Finished RTL Optimization Phase 1 : Time (s): cpu = 00:00:40 ; elapsed = 00:01:40 . Memory (MB): peak = 2461.660 ; gain = 904.824 ; free physical = 391 ; free virtual = 833
Synthesis current peak Physical Memory [PSS] (MB): peak = 5172.601; parent = 1659.727; children = 3877.192
Synthesis current peak Virtual Memory [VSS] (MB): peak = 11217.742; parent = 2461.664; children = 8756.078
---------------------------------------------------------------------------------
Netlist sorting complete. Time (s): cpu = 00:00:00.05 ; elapsed = 00:00:00.06 . Memory (MB): peak = 2461.660 ; gain = 0.000 ; free physical = 364 ; free virtual = 821
INFO: [Netlist 29-17] Analyzing 75 Unisim elements for replacement
INFO: [Netlist 29-28] Unisim Transformation completed in 0 CPU seconds
INFO: [Project 1-570] Preparing netlist for logic optimization

Processing XDC Constraints
Initializing timing engine
Parsing XDC File [/home/rishab/Documents/ECE_385_Final_Project/DoodleJump/DoodleJump.gen/sources_1/ip/doodlejump_rom_1/doodlejump_rom_ooc.xdc] for cell 'U0'
Finished Parsing XDC File [/home/rishab/Documents/ECE_385_Final_Project/DoodleJump/DoodleJump.gen/sources_1/ip/doodlejump_rom_1/doodlejump_rom_ooc.xdc] for cell 'U0'
Parsing XDC File [/home/rishab/Documents/ECE_385_Final_Project/DoodleJump/DoodleJump.runs/doodlejump_rom_synth_1/dont_touch.xdc]
Finished Parsing XDC File [/home/rishab/Documents/ECE_385_Final_Project/DoodleJump/DoodleJump.runs/doodlejump_rom_synth_1/dont_touch.xdc]
Completed Processing XDC Constraints

Netlist sorting complete. Time (s): cpu = 00:00:00 ; elapsed = 00:00:00 . Memory (MB): peak = 2565.137 ; gain = 0.000 ; free physical = 172 ; free virtual = 686
INFO: [Project 1-111] Unisim Transformation Summary:
No Unisim elements were transformed.

Constraint Validation Runtime : Time (s): cpu = 00:00:00.09 ; elapsed = 00:00:00.1 . Memory (MB): peak = 2565.137 ; gain = 0.000 ; free physical = 223 ; free virtual = 741
INFO: [Designutils 20-5008] Incremental synthesis strategy off
INFO: [Synth 8-11241] undeclared symbol 'REGCCE', assumed default net type 'wire' [/tools/Xilinx/Vivado/2022.2/data/verilog/src/unimacro/BRAM_SINGLE_MACRO.v:2170]
---------------------------------------------------------------------------------
Finished Constraint Validation : Time (s): cpu = 00:00:49 ; elapsed = 00:01:49 . Memory (MB): peak = 2565.137 ; gain = 1008.301 ; free physical = 295 ; free virtual = 840
Synthesis current peak Physical Memory [PSS] (MB): peak = 5172.601; parent = 1659.727; children = 3877.192
Synthesis current peak Virtual Memory [VSS] (MB): peak = 11321.219; parent = 2565.141; children = 8756.078
---------------------------------------------------------------------------------
---------------------------------------------------------------------------------
Start Loading Part and Timing Information
---------------------------------------------------------------------------------
Loading part: xc7s50csga324-1
---------------------------------------------------------------------------------
Finished Loading Part and Timing Information : Time (s): cpu = 00:00:49 ; elapsed = 00:01:50 . Memory (MB): peak = 2565.137 ; gain = 1008.301 ; free physical = 295 ; free virtual = 840
Synthesis current peak Physical Memory [PSS] (MB): peak = 5172.601; parent = 1659.727; children = 3877.192
Synthesis current peak Virtual Memory [VSS] (MB): peak = 11321.219; parent = 2565.141; children = 8756.078
---------------------------------------------------------------------------------
---------------------------------------------------------------------------------
Start Applying 'set_property' XDC Constraints
---------------------------------------------------------------------------------
Applied set_property KEEP_HIERARCHY = SOFT for U0. (constraint file  /home/rishab/Documents/ECE_385_Final_Project/DoodleJump/DoodleJump.runs/doodlejump_rom_synth_1/dont_touch.xdc, line 9).
---------------------------------------------------------------------------------
Finished applying 'set_property' XDC Constraints : Time (s): cpu = 00:00:49 ; elapsed = 00:01:50 . Memory (MB): peak = 2565.137 ; gain = 1008.301 ; free physical = 295 ; free virtual = 840
Synthesis current peak Physical Memory [PSS] (MB): peak = 5172.601; parent = 1659.727; children = 3877.192
Synthesis current peak Virtual Memory [VSS] (MB): peak = 11321.219; parent = 2565.141; children = 8756.078
---------------------------------------------------------------------------------
---------------------------------------------------------------------------------
Finished RTL Optimization Phase 2 : Time (s): cpu = 00:00:51 ; elapsed = 00:01:52 . Memory (MB): peak = 2565.137 ; gain = 1008.301 ; free physical = 250 ; free virtual = 825
Synthesis current peak Physical Memory [PSS] (MB): peak = 5172.601; parent = 1659.727; children = 3877.192
Synthesis current peak Virtual Memory [VSS] (MB): peak = 11321.219; parent = 2565.141; children = 8756.078
---------------------------------------------------------------------------------
---------------------------------------------------------------------------------
Start RTL Component Statistics 
---------------------------------------------------------------------------------
Detailed RTL Component Info : 
+---Registers : 
	               18 Bit    Registers := 1     
	                7 Bit    Registers := 3     
+---Muxes : 
	   2 Input    1 Bit        Muxes := 257   
---------------------------------------------------------------------------------
Finished RTL Component Statistics 
---------------------------------------------------------------------------------
---------------------------------------------------------------------------------
Start Part Resource Summary
---------------------------------------------------------------------------------
Part Resources:
DSPs: 120 (col length:60)
BRAMs: 150 (col length: RAMB18 60 RAMB36 30)
---------------------------------------------------------------------------------
Finished Part Resource Summary
---------------------------------------------------------------------------------
---------------------------------------------------------------------------------
Start Cross Boundary and Area Optimization
---------------------------------------------------------------------------------
WARNING: [Synth 8-7080] Parallel synthesis criteria is not met
---------------------------------------------------------------------------------
Finished Cross Boundary and Area Optimization : Time (s): cpu = 00:00:56 ; elapsed = 00:01:58 . Memory (MB): peak = 2565.137 ; gain = 1008.301 ; free physical = 191 ; free virtual = 808
Synthesis current peak Physical Memory [PSS] (MB): peak = 5172.601; parent = 1659.727; children = 3877.192
Synthesis current peak Virtual Memory [VSS] (MB): peak = 11321.219; parent = 2565.141; children = 8756.078
---------------------------------------------------------------------------------
---------------------------------------------------------------------------------
Start Applying XDC Timing Constraints
---------------------------------------------------------------------------------
---------------------------------------------------------------------------------
Finished Applying XDC Timing Constraints : Time (s): cpu = 00:01:02 ; elapsed = 00:02:04 . Memory (MB): peak = 2565.137 ; gain = 1008.301 ; free physical = 121 ; free virtual = 671
Synthesis current peak Physical Memory [PSS] (MB): peak = 5172.601; parent = 1659.727; children = 3877.192
Synthesis current peak Virtual Memory [VSS] (MB): peak = 11321.219; parent = 2565.141; children = 8756.078
---------------------------------------------------------------------------------
---------------------------------------------------------------------------------
Start Timing Optimization
---------------------------------------------------------------------------------
---------------------------------------------------------------------------------
Finished Timing Optimization : Time (s): cpu = 00:01:02 ; elapsed = 00:02:04 . Memory (MB): peak = 2565.137 ; gain = 1008.301 ; free physical = 120 ; free virtual = 669
Synthesis current peak Physical Memory [PSS] (MB): peak = 5172.601; parent = 1659.727; children = 3877.192
Synthesis current peak Virtual Memory [VSS] (MB): peak = 11321.219; parent = 2565.141; children = 8756.078
---------------------------------------------------------------------------------
---------------------------------------------------------------------------------
Start Technology Mapping
---------------------------------------------------------------------------------
---------------------------------------------------------------------------------
Finished Technology Mapping : Time (s): cpu = 00:01:03 ; elapsed = 00:02:05 . Memory (MB): peak = 2565.137 ; gain = 1008.301 ; free physical = 134 ; free virtual = 665
Synthesis current peak Physical Memory [PSS] (MB): peak = 5172.601; parent = 1659.727; children = 3877.192
Synthesis current peak Virtual Memory [VSS] (MB): peak = 11321.219; parent = 2565.141; children = 8756.078
---------------------------------------------------------------------------------
---------------------------------------------------------------------------------
Start IO Insertion
---------------------------------------------------------------------------------
---------------------------------------------------------------------------------
Start Flattening Before IO Insertion
---------------------------------------------------------------------------------
---------------------------------------------------------------------------------
Finished Flattening Before IO Insertion
---------------------------------------------------------------------------------
---------------------------------------------------------------------------------
Start Final Netlist Cleanup
---------------------------------------------------------------------------------
---------------------------------------------------------------------------------
Finished Final Netlist Cleanup
---------------------------------------------------------------------------------
---------------------------------------------------------------------------------
Finished IO Insertion : Time (s): cpu = 00:01:07 ; elapsed = 00:02:09 . Memory (MB): peak = 2565.137 ; gain = 1008.301 ; free physical = 168 ; free virtual = 660
Synthesis current peak Physical Memory [PSS] (MB): peak = 5172.601; parent = 1659.727; children = 3877.192
Synthesis current peak Virtual Memory [VSS] (MB): peak = 11321.219; parent = 2565.141; children = 8756.078
---------------------------------------------------------------------------------
---------------------------------------------------------------------------------
Start Renaming Generated Instances
---------------------------------------------------------------------------------
---------------------------------------------------------------------------------
Finished Renaming Generated Instances : Time (s): cpu = 00:01:07 ; elapsed = 00:02:10 . Memory (MB): peak = 2565.137 ; gain = 1008.301 ; free physical = 168 ; free virtual = 660
Synthesis current peak Physical Memory [PSS] (MB): peak = 5172.601; parent = 1659.727; children = 3877.192
Synthesis current peak Virtual Memory [VSS] (MB): peak = 11321.219; parent = 2565.141; children = 8756.078
---------------------------------------------------------------------------------
---------------------------------------------------------------------------------
Start Rebuilding User Hierarchy
---------------------------------------------------------------------------------
---------------------------------------------------------------------------------
Finished Rebuilding User Hierarchy : Time (s): cpu = 00:01:07 ; elapsed = 00:02:10 . Memory (MB): peak = 2565.137 ; gain = 1008.301 ; free physical = 155 ; free virtual = 647
Synthesis current peak Physical Memory [PSS] (MB): peak = 5172.601; parent = 1659.727; children = 3877.192
Synthesis current peak Virtual Memory [VSS] (MB): peak = 11321.219; parent = 2565.141; children = 8756.078
---------------------------------------------------------------------------------
---------------------------------------------------------------------------------
Start Renaming Generated Ports
---------------------------------------------------------------------------------
---------------------------------------------------------------------------------
Finished Renaming Generated Ports : Time (s): cpu = 00:01:07 ; elapsed = 00:02:10 . Memory (MB): peak = 2565.137 ; gain = 1008.301 ; free physical = 152 ; free virtual = 645
Synthesis current peak Physical Memory [PSS] (MB): peak = 5172.601; parent = 1659.727; children = 3877.192
Synthesis current peak Virtual Memory [VSS] (MB): peak = 11321.219; parent = 2565.141; children = 8756.078
---------------------------------------------------------------------------------
---------------------------------------------------------------------------------
Start Handling Custom Attributes
---------------------------------------------------------------------------------
---------------------------------------------------------------------------------
Finished Handling Custom Attributes : Time (s): cpu = 00:01:07 ; elapsed = 00:02:10 . Memory (MB): peak = 2565.137 ; gain = 1008.301 ; free physical = 147 ; free virtual = 640
Synthesis current peak Physical Memory [PSS] (MB): peak = 5172.601; parent = 1659.727; children = 3877.192
Synthesis current peak Virtual Memory [VSS] (MB): peak = 11321.219; parent = 2565.141; children = 8756.078
---------------------------------------------------------------------------------
---------------------------------------------------------------------------------
Start Renaming Generated Nets
---------------------------------------------------------------------------------
---------------------------------------------------------------------------------
Finished Renaming Generated Nets : Time (s): cpu = 00:01:07 ; elapsed = 00:02:10 . Memory (MB): peak = 2565.137 ; gain = 1008.301 ; free physical = 142 ; free virtual = 635
Synthesis current peak Physical Memory [PSS] (MB): peak = 5172.601; parent = 1659.727; children = 3877.192
Synthesis current peak Virtual Memory [VSS] (MB): peak = 11321.219; parent = 2565.141; children = 8756.078
---------------------------------------------------------------------------------
---------------------------------------------------------------------------------
Start Writing Synthesis Report
---------------------------------------------------------------------------------

Report BlackBoxes: 
+-+--------------+----------+
| |BlackBox name |Instances |
+-+--------------+----------+
+-+--------------+----------+

Report Cell Usage: 
+------+---------+------+
|      |Cell     |Count |
+------+---------+------+
|1     |LUT3     |     1|
|2     |LUT5     |    19|
|3     |LUT6     |   217|
|4     |MUXF7    |    90|
|5     |MUXF8    |    36|
|6     |RAMB36E1 |    75|
|45    |FDRE     |    14|
+------+---------+------+
---------------------------------------------------------------------------------
Finished Writing Synthesis Report : Time (s): cpu = 00:01:07 ; elapsed = 00:02:10 . Memory (MB): peak = 2565.137 ; gain = 1008.301 ; free physical = 137 ; free virtual = 630
Synthesis current peak Physical Memory [PSS] (MB): peak = 5172.601; parent = 1659.727; children = 3877.192
Synthesis current peak Virtual Memory [VSS] (MB): peak = 11321.219; parent = 2565.141; children = 8756.078
---------------------------------------------------------------------------------
Synthesis finished with 0 errors, 0 critical warnings and 233 warnings.
Synthesis Optimization Runtime : Time (s): cpu = 00:01:07 ; elapsed = 00:02:09 . Memory (MB): peak = 2565.137 ; gain = 904.824 ; free physical = 3887 ; free virtual = 4657
Synthesis Optimization Complete : Time (s): cpu = 00:01:11 ; elapsed = 00:02:13 . Memory (MB): peak = 2565.137 ; gain = 1008.301 ; free physical = 3887 ; free virtual = 4661
INFO: [Project 1-571] Translating synthesized netlist
Netlist sorting complete. Time (s): cpu = 00:00:00.03 ; elapsed = 00:00:00.04 . Memory (MB): peak = 2565.137 ; gain = 0.000 ; free physical = 3881 ; free virtual = 4653
INFO: [Netlist 29-17] Analyzing 201 Unisim elements for replacement
INFO: [Netlist 29-28] Unisim Transformation completed in 0 CPU seconds
INFO: [Project 1-570] Preparing netlist for logic optimization
INFO: [Opt 31-138] Pushed 0 inverter(s) to 0 load pin(s).
Netlist sorting complete. Time (s): cpu = 00:00:00 ; elapsed = 00:00:00 . Memory (MB): peak = 2565.137 ; gain = 0.000 ; free physical = 3815 ; free virtual = 4592
INFO: [Project 1-111] Unisim Transformation Summary:
No Unisim elements were transformed.

Synth Design complete, checksum: 1175f3f7
INFO: [Common 17-83] Releasing license: Synthesis
27 Infos, 101 Warnings, 0 Critical Warnings and 0 Errors encountered.
synth_design completed successfully
synth_design: Time (s): cpu = 00:01:14 ; elapsed = 00:02:17 . Memory (MB): peak = 2565.137 ; gain = 1304.363 ; free physical = 4062 ; free virtual = 4840
INFO: [Common 17-1381] The checkpoint '/home/rishab/Documents/ECE_385_Final_Project/DoodleJump/DoodleJump.runs/doodlejump_rom_synth_1/doodlejump_rom.dcp' has been generated.
INFO: [Coretcl 2-1648] Added synthesis output to IP cache for IP doodlejump_rom, cache-ID = 94658cbdad4ccd0a
INFO: [Coretcl 2-1174] Renamed 155 cell refs.
INFO: [Common 17-1381] The checkpoint '/home/rishab/Documents/ECE_385_Final_Project/DoodleJump/DoodleJump.runs/doodlejump_rom_synth_1/doodlejump_rom.dcp' has been generated.
INFO: [runtcl-4] Executing : report_utilization -file doodlejump_rom_utilization_synth.rpt -pb doodlejump_rom_utilization_synth.pb
INFO: [Common 17-206] Exiting Vivado at Tue Apr 16 00:36:59 2024...
